<?xml version="1.0" encoding="UTF-8"?>
<!-- Generated by org.testng.reporters.JUnitXMLReporter -->
<testsuite ignored="0" hostname="Muntahir" failures="0" tests="3" name="Default test" time="29.824" errors="0" timestamp="2022-03-30T21:38:28 EDT">
  <testcase classname="hw13SelinumMathod.HW_16_TestSeleniumMathod" name="testSomeElement" time="0.105"/>
  <testcase classname="hw13SelinumMathod.HW_16_TestSeleniumMathod" name="sendKeys" time="18.337"/>
  <testcase classname="hw13SelinumMathod.HW_16_TestSeleniumMathod" name="linkTest" time="6.114"/>
</testsuite> <!-- Default test -->
